2017.03.06-10:39:18 com.cn.common.WeChatCommon.WeiXinDecode.decode(WeiXinDecode.java:73) 
xml-------->json:{"xml":{"ComponentVerifyTicket":["ticket@@@bKziqGFOMUPeQ50XCVKEz5Utl9QM4t2d-E5dFC7peZP9Zf4YRlkr-zbfjNb9--hdQsvHnmPSvlmDnlGGQdVkqA"],"CreateTime":["1488766485"],"AppId":["wxfa3422f1f3dd9689"],"InfoType":["component_verify_ticket"]}}

2017.03.06-10:41:11 com.cn.test.Aes.DecodeTest.decode(DecodeTest.java:28) 
쫵췲휣씪미미미미
com.cn.common.WeChatCommon.AesException: xml???????
	at com.cn.common.WeChatCommon.XMLParse.extract(XMLParse.java:43)
	at com.cn.common.WeChatCommon.WXBizMsgCrypt.decryptMsg(WXBizMsgCrypt.java:263)
	at com.cn.common.WeChatCommon.WeiXinDecode.decode(WeiXinDecode.java:70)
	at com.cn.test.Aes.DecodeTest.decode(DecodeTest.java:26)
	at sun.reflect.NativeMethodAccessorImpl.invoke0(Native Method)
	at sun.reflect.NativeMethodAccessorImpl.invoke(NativeMethodAccessorImpl.java:57)
	at sun.reflect.DelegatingMethodAccessorImpl.invoke(DelegatingMethodAccessorImpl.java:43)
	at java.lang.reflect.Method.invoke(Method.java:606)
	at org.junit.runners.model.FrameworkMethod$1.runReflectiveCall(FrameworkMethod.java:47)
	at org.junit.internal.runners.model.ReflectiveCallable.run(ReflectiveCallable.java:12)
	at org.junit.runners.model.FrameworkMethod.invokeExplosively(FrameworkMethod.java:44)
	at org.junit.internal.runners.statements.InvokeMethod.evaluate(InvokeMethod.java:17)
	at org.junit.runners.ParentRunner.runLeaf(ParentRunner.java:271)
	at org.junit.runners.BlockJUnit4ClassRunner.runChild(BlockJUnit4ClassRunner.java:70)
	at org.junit.runners.BlockJUnit4ClassRunner.runChild(BlockJUnit4ClassRunner.java:50)
	at org.junit.runners.ParentRunner$3.run(ParentRunner.java:238)
	at org.junit.runners.ParentRunner$1.schedule(ParentRunner.java:63)
	at org.junit.runners.ParentRunner.runChildren(ParentRunner.java:236)
	at org.junit.runners.ParentRunner.access$000(ParentRunner.java:53)
	at org.junit.runners.ParentRunner$2.evaluate(ParentRunner.java:229)
	at org.junit.runners.ParentRunner.run(ParentRunner.java:309)
	at org.junit.runner.JUnitCore.run(JUnitCore.java:160)
	at com.intellij.junit4.JUnit4IdeaTestRunner.startRunnerWithArgs(JUnit4IdeaTestRunner.java:78)
	at com.intellij.rt.execution.junit.JUnitStarter.prepareStreamsAndStart(JUnitStarter.java:212)
	at com.intellij.rt.execution.junit.JUnitStarter.main(JUnitStarter.java:68)
	at sun.reflect.NativeMethodAccessorImpl.invoke0(Native Method)
	at sun.reflect.NativeMethodAccessorImpl.invoke(NativeMethodAccessorImpl.java:57)
	at sun.reflect.DelegatingMethodAccessorImpl.invoke(DelegatingMethodAccessorImpl.java:43)
	at java.lang.reflect.Method.invoke(Method.java:606)
	at com.intellij.rt.execution.application.AppMain.main(AppMain.java:140)


2017.03.06-10:43:59 com.cn.common.WeChatCommon.WeiXinDecode.decode(WeiXinDecode.java:68) 
xml-------->json:{"xml":{"ComponentVerifyTicket":["ticket@@@bKziqGFOMUPeQ50XCVKEz5Utl9QM4t2d-E5dFC7peZP9Zf4YRlkr-zbfjNb9--hdQsvHnmPSvlmDnlGGQdVkqA"],"CreateTime":["1488766485"],"AppId":["wxfa3422f1f3dd9689"],"InfoType":["component_verify_ticket"]}}

2017.03.06-10:44:43 com.cn.common.WeChatCommon.WeiXinDecode.decode(WeiXinDecode.java:68) 
xml-------->json:{"xml":{"ComponentVerifyTicket":["ticket@@@bKziqGFOMUPeQ50XCVKEz5Utl9QM4t2d-E5dFC7peZP9Zf4YRlkr-zbfjNb9--hdQsvHnmPSvlmDnlGGQdVkqA"],"CreateTime":["1488766485"],"AppId":["wxfa3422f1f3dd9689"],"InfoType":["component_verify_ticket"]}}

2017.03.06-10:45:12 com.cn.common.WeChatCommon.WeiXinDecode.decode(WeiXinDecode.java:68) 
xml-------->json:{"xml":{"ComponentVerifyTicket":["ticket@@@bKziqGFOMUPeQ50XCVKEz5Utl9QM4t2d-E5dFC7peZP9Zf4YRlkr-zbfjNb9--hdQsvHnmPSvlmDnlGGQdVkqA"],"CreateTime":["1488766485"],"AppId":["wxfa3422f1f3dd9689"],"InfoType":["component_verify_ticket"]}}

2017.03.06-10:46:29 com.cn.common.WeChatCommon.WeiXinDecode.decode(WeiXinDecode.java:68) 
xml-------->json:{"xml":{"ComponentVerifyTicket":["ticket@@@bKziqGFOMUPeQ50XCVKEz5Utl9QM4t2d-E5dFC7peZP9Zf4YRlkr-zbfjNb9--hdQsvHnmPSvlmDnlGGQdVkqA"],"CreateTime":["1488766485"],"AppId":["wxfa3422f1f3dd9689"],"InfoType":["component_verify_ticket"]}}

2017.03.06-10:47:03 com.cn.common.WeChatCommon.WeiXinDecode.decode(WeiXinDecode.java:68) 
xml-------->json:{"xml":{"ComponentVerifyTicket":["ticket@@@bKziqGFOMUPeQ50XCVKEz5Utl9QM4t2d-E5dFC7peZP9Zf4YRlkr-zbfjNb9--hdQsvHnmPSvlmDnlGGQdVkqA"],"CreateTime":["1488766485"],"AppId":["wxfa3422f1f3dd9689"],"InfoType":["component_verify_ticket"]}}

2017.03.06-10:53:42 net.sf.json.xml.XMLSerializer.getType(XMLSerializer.java:736) 
Using default type string

2017.03.06-10:53:42 com.cn.common.WeChatCommon.WeiXinDecode.decode(WeiXinDecode.java:68) 
xml-------->json:{"AppId":"wxfa3422f1f3dd9689","CreateTime":"1488766485","InfoType":"component_verify_ticket","ComponentVerifyTicket":"ticket@@@bKziqGFOMUPeQ50XCVKEz5Utl9QM4t2d-E5dFC7peZP9Zf4YRlkr-zbfjNb9--hdQsvHnmPSvlmDnlGGQdVkqA"}

2017.03.06-10:54:19 net.sf.json.xml.XMLSerializer.getType(XMLSerializer.java:736) 
Using default type string

2017.03.06-10:54:19 com.cn.common.WeChatCommon.WeiXinDecode.decode(WeiXinDecode.java:68) 
xml-------->json:{"AppId":"wxfa3422f1f3dd9689","CreateTime":"1488766485","InfoType":"component_verify_ticket","ComponentVerifyTicket":"ticket@@@bKziqGFOMUPeQ50XCVKEz5Utl9QM4t2d-E5dFC7peZP9Zf4YRlkr-zbfjNb9--hdQsvHnmPSvlmDnlGGQdVkqA"}

2017.03.06-10:54:35 net.sf.json.xml.XMLSerializer.getType(XMLSerializer.java:736) 
Using default type string

2017.03.06-10:54:35 com.cn.common.WeChatCommon.WeiXinDecode.decode(WeiXinDecode.java:68) 
xml-------->json:{"AppId":"wxfa3422f1f3dd9689","CreateTime":"1488766485","InfoType":"component_verify_ticket","ComponentVerifyTicket":"ticket@@@bKziqGFOMUPeQ50XCVKEz5Utl9QM4t2d-E5dFC7peZP9Zf4YRlkr-zbfjNb9--hdQsvHnmPSvlmDnlGGQdVkqA"}

